<?xml version="1.0" encoding="UTF-8"?>
<!-- Generated by org.testng.reporters.JUnitXMLReporter -->
<testsuite ignored="9" hostname="DESKTOP-OB8BAPB" failures="0" tests="4" name="Chrome" time="215.334" errors="0" timestamp="2023-09-06T15:53:58 IST">
  <testcase classname="com.SpiceJet.test.RoundTripTest" name="roundTripVali" time="67.887"/>
  <testcase classname="com.SpiceJet.test.SignUpTest" name="signUpWithValidCredentials" time="80.167"/>
  <testcase classname="com.SpiceJet.test.OneWayTest" name="oneWayTrip" time="41.081"/>
  <testcase classname="com.SpiceJet.test.LoginTest" name="loginWithValidCredentials" time="15.855"/>
  <testcase classname="com.SpiceJet.utils.Reports" name="@AfterSuite endReport" time="0.0">
    <ignored/>
  </testcase> <!-- @AfterSuite endReport -->
  <testcase classname="com.SpiceJet.utils.SeWrappers" name="@AfterTest closeAllBrowsers" time="0.0">
    <ignored/>
  </testcase> <!-- @AfterTest closeAllBrowsers -->
  <testcase classname="com.SpiceJet.utils.Reports" name="@BeforeSuite startReport" time="0.0">
    <ignored/>
  </testcase> <!-- @BeforeSuite startReport -->
  <testcase classname="com.SpiceJet.utils.SeWrappers" name="@AfterTest closeAllBrowsers" time="0.0">
    <ignored/>
  </testcase> <!-- @AfterTest closeAllBrowsers -->
  <testcase classname="com.SpiceJet.utils.Reports" name="@BeforeSuite startReport" time="0.0">
    <ignored/>
  </testcase> <!-- @BeforeSuite startReport -->
  <testcase classname="com.SpiceJet.utils.Reports" name="@AfterSuite endReport" time="0.0">
    <ignored/>
  </testcase> <!-- @AfterSuite endReport -->
  <testcase classname="com.SpiceJet.utils.SeWrappers" name="@AfterTest closeAllBrowsers" time="0.0">
    <ignored/>
  </testcase> <!-- @AfterTest closeAllBrowsers -->
  <testcase classname="com.SpiceJet.utils.Reports" name="@AfterSuite endReport" time="0.0">
    <ignored/>
  </testcase> <!-- @AfterSuite endReport -->
  <testcase classname="com.SpiceJet.utils.Reports" name="@BeforeSuite startReport" time="0.0">
    <ignored/>
  </testcase> <!-- @BeforeSuite startReport -->
</testsuite> <!-- Chrome -->
