<?xml version="1.0" encoding="UTF-8"?>
<!-- Generated by org.testng.reporters.JUnitXMLReporter -->
<testsuite ignored="3" hostname="DESKTOP-OB8BAPB" failures="0" tests="2" name="NegativeTc" time="186.842" errors="0" timestamp="2023-09-06T21:40:11 IST">
  <testcase classname="com.SpiceJet.test.NeagtiveTc_SignUp" name="signUpWithInValidCredentials" time="65.026"/>
  <testcase classname="com.SpiceJet.test.NegativeTc_Login" name="loginWithInValidCredentials" time="121.695"/>
  <testcase classname="com.SpiceJet.utils.Reports" name="@AfterSuite endReport" time="0.0">
    <ignored/>
  </testcase> <!-- @AfterSuite endReport -->
  <testcase classname="com.SpiceJet.utils.Reports" name="@BeforeSuite startReport" time="0.0">
    <ignored/>
  </testcase> <!-- @BeforeSuite startReport -->
  <testcase classname="com.SpiceJet.utils.SeWrappers" name="@AfterTest closeAllBrowsers" time="0.0">
    <ignored/>
  </testcase> <!-- @AfterTest closeAllBrowsers -->
</testsuite> <!-- NegativeTc -->
