<?xml version="1.0" encoding="UTF-8"?>
<!-- Generated by org.testng.reporters.JUnitXMLReporter -->
<testsuite ignored="8" hostname="DESKTOP-OB8BAPB" failures="0" tests="5" name="Positive Test Cases" time="144.444" errors="0" timestamp="2023-09-07T11:13:09 IST">
  <testcase classname="com.SpiceJet.test.SignUpTest" name="signUpWithValidCredentials" time="68.705"/>
  <testcase classname="com.SpiceJet.test.LoginTest" name="loginWithValidCredentials" time="11.765"/>
  <testcase classname="com.SpiceJet.test.OneWayTest" name="oneWayTrip" time="30.293"/>
  <testcase classname="com.SpiceJet.test.RoundTripTest" name="roundTripVali" time="23.531"/>
  <testcase classname="com.SpiceJet.test.FieldsAvailableTest" name="fieldsAvailableCheking" time="7.986"/>
  <testcase classname="com.SpiceJet.utils.Reports" name="@BeforeSuite startReport" time="0.0">
    <ignored/>
  </testcase> <!-- @BeforeSuite startReport -->
  <testcase classname="com.SpiceJet.utils.Reports" name="@BeforeSuite startReport" time="0.0">
    <ignored/>
  </testcase> <!-- @BeforeSuite startReport -->
  <testcase classname="com.SpiceJet.utils.Reports" name="@AfterSuite endReport" time="0.0">
    <ignored/>
  </testcase> <!-- @AfterSuite endReport -->
  <testcase classname="com.SpiceJet.utils.Reports" name="@BeforeSuite startReport" time="0.0">
    <ignored/>
  </testcase> <!-- @BeforeSuite startReport -->
  <testcase classname="com.SpiceJet.utils.Reports" name="@AfterSuite endReport" time="0.0">
    <ignored/>
  </testcase> <!-- @AfterSuite endReport -->
  <testcase classname="com.SpiceJet.utils.Reports" name="@AfterSuite endReport" time="0.0">
    <ignored/>
  </testcase> <!-- @AfterSuite endReport -->
  <testcase classname="com.SpiceJet.utils.Reports" name="@BeforeSuite startReport" time="0.0">
    <ignored/>
  </testcase> <!-- @BeforeSuite startReport -->
  <testcase classname="com.SpiceJet.utils.Reports" name="@AfterSuite endReport" time="0.0">
    <ignored/>
  </testcase> <!-- @AfterSuite endReport -->
</testsuite> <!-- Positive Test Cases -->
