<?xml version="1.0" encoding="UTF-8"?>
<!-- Generated by org.testng.reporters.JUnitXMLReporter -->
<testsuite ignored="9" hostname="DESKTOP-OB8BAPB" failures="0" tests="4" name="Positive Test Cases" time="107.406" errors="0" timestamp="2023-09-06T21:37:04 IST">
  <testcase classname="com.SpiceJet.test.LoginTest" name="loginWithValidCredentials" time="17.087"/>
  <testcase classname="com.SpiceJet.test.OneWayTest" name="oneWayTrip" time="46.186"/>
  <testcase classname="com.SpiceJet.test.RoundTripTest" name="roundTripVali" time="29.269"/>
  <testcase classname="com.SpiceJet.test.FieldsAvailableTest" name="fieldsAvailableCheking" time="13.041"/>
  <testcase classname="com.SpiceJet.utils.Reports" name="@AfterSuite endReport" time="0.0">
    <ignored/>
  </testcase> <!-- @AfterSuite endReport -->
  <testcase classname="com.SpiceJet.utils.SeWrappers" name="@AfterTest closeAllBrowsers" time="0.0">
    <ignored/>
  </testcase> <!-- @AfterTest closeAllBrowsers -->
  <testcase classname="com.SpiceJet.utils.Reports" name="@BeforeSuite startReport" time="0.0">
    <ignored/>
  </testcase> <!-- @BeforeSuite startReport -->
  <testcase classname="com.SpiceJet.utils.SeWrappers" name="@AfterTest closeAllBrowsers" time="0.0">
    <ignored/>
  </testcase> <!-- @AfterTest closeAllBrowsers -->
  <testcase classname="com.SpiceJet.utils.Reports" name="@BeforeSuite startReport" time="0.0">
    <ignored/>
  </testcase> <!-- @BeforeSuite startReport -->
  <testcase classname="com.SpiceJet.utils.Reports" name="@AfterSuite endReport" time="0.0">
    <ignored/>
  </testcase> <!-- @AfterSuite endReport -->
  <testcase classname="com.SpiceJet.utils.SeWrappers" name="@AfterTest closeAllBrowsers" time="0.0">
    <ignored/>
  </testcase> <!-- @AfterTest closeAllBrowsers -->
  <testcase classname="com.SpiceJet.utils.Reports" name="@AfterSuite endReport" time="0.0">
    <ignored/>
  </testcase> <!-- @AfterSuite endReport -->
  <testcase classname="com.SpiceJet.utils.Reports" name="@BeforeSuite startReport" time="0.0">
    <ignored/>
  </testcase> <!-- @BeforeSuite startReport -->
</testsuite> <!-- Positive Test Cases -->
