<?xml version="1.0" encoding="UTF-8"?>
<!-- Generated by org.testng.reporters.JUnitXMLReporter -->
<testsuite ignored="2" hostname="DESKTOP-OB8BAPB" failures="0" tests="2" name="SpiceJetTest" time="30.173" errors="0" timestamp="2023-09-03T19:53:56 IST">
  <testcase classname="com.test.OneWayTest" name="signUpWithValidCredentials" time="22.014"/>
  <testcase classname="com.test.PassengersDeatilsTest" name="signUpWithValidCredentials" time="8.109"/>
  <testcase classname="com.utils.Reports" name="@BeforeSuite startReport" time="0.0">
    <ignored/>
  </testcase> <!-- @BeforeSuite startReport -->
  <testcase classname="com.utils.Reports" name="@AfterSuite endReport" time="0.0">
    <ignored/>
  </testcase> <!-- @AfterSuite endReport -->
</testsuite> <!-- SpiceJetTest -->
