<?xml version="1.0" encoding="UTF-8"?>
<!-- Generated by org.testng.reporters.JUnitXMLReporter -->
<testsuite ignored="2" hostname="DESKTOP-OB8BAPB" failures="0" tests="2" name="NegativeTc" time="64.262" errors="0" timestamp="2023-09-08T12:19:52 IST">
  <testcase classname="com.SpiceJet.test.NeagtiveTc_SignUp" name="signUpWithInValidCredentials" time="38.286"/>
  <testcase classname="com.SpiceJet.test.NegativeTc_Login" name="loginWithInValidCredentials" time="25.311"/>
  <testcase classname="com.SpiceJet.utils.Reports" name="@AfterSuite endReport" time="0.0">
    <ignored/>
  </testcase> <!-- @AfterSuite endReport -->
  <testcase classname="com.SpiceJet.utils.Reports" name="@BeforeSuite startReport" time="0.0">
    <ignored/>
  </testcase> <!-- @BeforeSuite startReport -->
</testsuite> <!-- NegativeTc -->
