<?xml version="1.0" encoding="UTF-8"?>
<!-- Generated by org.testng.reporters.JUnitXMLReporter -->
<testsuite ignored="8" hostname="DESKTOP-OB8BAPB" failures="0" tests="5" name="Positive Test Cases" time="103.964" errors="0" timestamp="2023-09-08T12:18:48 IST">
  <testcase classname="com.SpiceJet.test.SignUpTest" name="signUpWithValidCredentials" time="36.531"/>
  <testcase classname="com.SpiceJet.test.LoginTest" name="loginWithValidCredentials" time="8.704"/>
  <testcase classname="com.SpiceJet.test.OneWayTest" name="oneWayTrip" time="25.964"/>
  <testcase classname="com.SpiceJet.test.RoundTripTest" name="roundTripVali" time="19.757"/>
  <testcase classname="com.SpiceJet.test.FieldsAvailableTest" name="fieldsAvailableCheking" time="11.455"/>
  <testcase classname="com.SpiceJet.utils.Reports" name="@BeforeSuite startReport" time="0.0">
    <ignored/>
  </testcase> <!-- @BeforeSuite startReport -->
  <testcase classname="com.SpiceJet.utils.Reports" name="@AfterSuite endReport" time="0.0">
    <ignored/>
  </testcase> <!-- @AfterSuite endReport -->
  <testcase classname="com.SpiceJet.utils.Reports" name="@BeforeSuite startReport" time="0.0">
    <ignored/>
  </testcase> <!-- @BeforeSuite startReport -->
  <testcase classname="com.SpiceJet.utils.Reports" name="@BeforeSuite startReport" time="0.0">
    <ignored/>
  </testcase> <!-- @BeforeSuite startReport -->
  <testcase classname="com.SpiceJet.utils.Reports" name="@AfterSuite endReport" time="0.0">
    <ignored/>
  </testcase> <!-- @AfterSuite endReport -->
  <testcase classname="com.SpiceJet.utils.Reports" name="@BeforeSuite startReport" time="0.0">
    <ignored/>
  </testcase> <!-- @BeforeSuite startReport -->
  <testcase classname="com.SpiceJet.utils.Reports" name="@AfterSuite endReport" time="0.0">
    <ignored/>
  </testcase> <!-- @AfterSuite endReport -->
  <testcase classname="com.SpiceJet.utils.Reports" name="@AfterSuite endReport" time="0.0">
    <ignored/>
  </testcase> <!-- @AfterSuite endReport -->
</testsuite> <!-- Positive Test Cases -->
