<?xml version="1.0" encoding="UTF-8"?>
<!-- Generated by org.testng.reporters.JUnitXMLReporter -->
<testsuite ignored="2" hostname="DESKTOP-OB8BAPB" failures="0" tests="2" name="SpiceJetTest" time="108.158" errors="0" timestamp="2023-09-03T19:44:12 IST">
  <testcase classname="com.test.SignUpTest" name="signUpWithValidCredentials" time="88.938"/>
  <testcase classname="com.test.OneWayTest" name="signUpWithValidCredentials" time="19.182"/>
  <testcase classname="com.utils.Reports" name="@BeforeSuite startReport" time="0.0">
    <ignored/>
  </testcase> <!-- @BeforeSuite startReport -->
  <testcase classname="com.utils.Reports" name="@AfterSuite endReport" time="0.0">
    <ignored/>
  </testcase> <!-- @AfterSuite endReport -->
</testsuite> <!-- SpiceJetTest -->
