<?xml version="1.0" encoding="UTF-8"?>
<!-- Generated by org.testng.reporters.JUnitXMLReporter -->
<testsuite ignored="18" hostname="DESKTOP-OB8BAPB" failures="0" tests="7" name="Test" time="207.421" errors="0" timestamp="2023-09-04T20:56:09 IST">
  <testcase classname="com.test.LoginTest" name="signUpWithValidCredentials" time="13.548"/>
  <testcase classname="com.test.OneWayTest" name="signUpWithValidCredentials" time="17.745"/>
  <testcase classname="com.test.PassengersDeatilsTest" name="signUpWithValidCredentials" time="14.194"/>
  <testcase classname="com.test.FieldsAvailableTest" name="fieldsAvailableCheking" time="12.399"/>
  <testcase classname="com.test.RoundTripTest" name="rundTripVali" time="61.713"/>
  <testcase classname="com.test.SignUpTest" name="signUpWithValidCredentials" time="80.594"/>
  <testcase classname="com.test.PayementSpiceJet" name="payment" time="6.709"/>
  <testcase classname="com.utils.SeWrappers" name="@AfterTest closeAllBrowsers" time="0.0">
    <ignored/>
  </testcase> <!-- @AfterTest closeAllBrowsers -->
  <testcase classname="com.utils.SeWrappers" name="@AfterTest closeAllBrowsers" time="0.0">
    <ignored/>
  </testcase> <!-- @AfterTest closeAllBrowsers -->
  <testcase classname="com.utils.Reports" name="@BeforeSuite startReport" time="0.0">
    <ignored/>
  </testcase> <!-- @BeforeSuite startReport -->
  <testcase classname="com.utils.Reports" name="@BeforeSuite startReport" time="0.0">
    <ignored/>
  </testcase> <!-- @BeforeSuite startReport -->
  <testcase classname="com.utils.Reports" name="@BeforeSuite startReport" time="0.0">
    <ignored/>
  </testcase> <!-- @BeforeSuite startReport -->
  <testcase classname="com.utils.SeWrappers" name="@AfterTest closeAllBrowsers" time="0.0">
    <ignored/>
  </testcase> <!-- @AfterTest closeAllBrowsers -->
  <testcase classname="com.utils.Reports" name="@BeforeSuite startReport" time="0.0">
    <ignored/>
  </testcase> <!-- @BeforeSuite startReport -->
  <testcase classname="com.utils.SeWrappers" name="@AfterTest closeAllBrowsers" time="0.0">
    <ignored/>
  </testcase> <!-- @AfterTest closeAllBrowsers -->
  <testcase classname="com.utils.Reports" name="@BeforeSuite startReport" time="0.0">
    <ignored/>
  </testcase> <!-- @BeforeSuite startReport -->
  <testcase classname="com.utils.Reports" name="@AfterSuite endReport" time="0.0">
    <ignored/>
  </testcase> <!-- @AfterSuite endReport -->
  <testcase classname="com.utils.Reports" name="@AfterSuite endReport" time="0.0">
    <ignored/>
  </testcase> <!-- @AfterSuite endReport -->
  <testcase classname="com.utils.Reports" name="@AfterSuite endReport" time="0.0">
    <ignored/>
  </testcase> <!-- @AfterSuite endReport -->
  <testcase classname="com.utils.SeWrappers" name="@AfterTest closeAllBrowsers" time="0.0">
    <ignored/>
  </testcase> <!-- @AfterTest closeAllBrowsers -->
  <testcase classname="com.utils.Reports" name="@BeforeSuite startReport" time="0.0">
    <ignored/>
  </testcase> <!-- @BeforeSuite startReport -->
  <testcase classname="com.utils.SeWrappers" name="@AfterTest closeAllBrowsers" time="0.0">
    <ignored/>
  </testcase> <!-- @AfterTest closeAllBrowsers -->
  <testcase classname="com.utils.Reports" name="@AfterSuite endReport" time="0.0">
    <ignored/>
  </testcase> <!-- @AfterSuite endReport -->
  <testcase classname="com.utils.Reports" name="@AfterSuite endReport" time="0.0">
    <ignored/>
  </testcase> <!-- @AfterSuite endReport -->
  <testcase classname="com.utils.Reports" name="@AfterSuite endReport" time="0.0">
    <ignored/>
  </testcase> <!-- @AfterSuite endReport -->
</testsuite> <!-- Test -->
