<?xml version="1.0" encoding="UTF-8"?>
<!-- Generated by org.testng.reporters.JUnitXMLReporter -->
<testsuite ignored="2" hostname="DESKTOP-OB8BAPB" failures="0" tests="4" name="InValid Negative Test cases" time="74.1" errors="0" timestamp="2023-09-10T16:53:51 IST">
  <testcase classname="com.SpiceJet.test.NeagtiveTc_SignUp" name="signUpWithInValidCredentials" time="38.512"/>
  <testcase classname="com.SpiceJet.test.NegativeTc_Login_DataProvider" name="loginWithInValidCredentials" time="12.137"/>
  <testcase classname="com.SpiceJet.test.NegativeTc_Login_DataProvider" name="loginWithInValidCredentials" time="10.642"/>
  <testcase classname="com.SpiceJet.test.NegativeTc_Login_DataProvider" name="loginWithInValidCredentials" time="11.222"/>
  <testcase classname="com.SpiceJet.utils.Reports" name="@BeforeSuite startReport" time="0.0">
    <ignored/>
  </testcase> <!-- @BeforeSuite startReport -->
  <testcase classname="com.SpiceJet.utils.Reports" name="@AfterSuite endReport" time="0.0">
    <ignored/>
  </testcase> <!-- @AfterSuite endReport -->
</testsuite> <!-- InValid Negative Test cases -->
