<?xml version="1.0" encoding="UTF-8"?>
<testng-results ignored="12" total="20" passed="8" failed="0" skipped="0">
  <reporter-output>
  </reporter-output>
  <suite started-at="2023-09-08T12:04:28 IST" name="Suite" finished-at="2023-09-08T12:10:39 IST" duration-ms="370842">
    <groups>
    </groups>
    <test started-at="2023-09-08T12:04:28 IST" name="Positive Test Cases" finished-at="2023-09-08T12:09:09 IST" duration-ms="280276">
      <class name="com.SpiceJet.test.SignUpTest">
        <test-method is-config="true" signature="setUp(java.lang.String)[pri:0, instance:com.SpiceJet.test.SignUpTest@645aa696]" started-at="2023-09-08T12:04:28 IST" name="setUp" finished-at="2023-09-08T12:04:28 IST" duration-ms="3" status="PASS">
          <params>
            <param index="0">
              <value>
                <![CDATA[Chrome]]>
              </value>
            </param>
          </params>
          <reporter-output>
          </reporter-output>
        </test-method> <!-- setUp -->
        <test-method signature="signUpWithValidCredentials()[pri:0, instance:com.SpiceJet.test.SignUpTest@645aa696]" started-at="2023-09-08T12:04:28 IST" name="signUpWithValidCredentials" finished-at="2023-09-08T12:05:35 IST" duration-ms="66561" status="PASS">
          <reporter-output>
          </reporter-output>
        </test-method> <!-- signUpWithValidCredentials -->
        <test-method is-config="true" signature="closeBrowser()[pri:0, instance:com.SpiceJet.test.SignUpTest@645aa696]" started-at="2023-09-08T12:05:35 IST" name="closeBrowser" finished-at="2023-09-08T12:05:35 IST" duration-ms="311" status="PASS">
          <reporter-output>
          </reporter-output>
        </test-method> <!-- closeBrowser -->
        <test-method is-config="true" signature="closeAllBrowsers()[pri:0, instance:com.SpiceJet.test.SignUpTest@645aa696]" started-at="2023-09-08T12:05:35 IST" name="closeAllBrowsers" finished-at="2023-09-08T12:05:35 IST" duration-ms="0" status="PASS">
          <reporter-output>
          </reporter-output>
        </test-method> <!-- closeAllBrowsers -->
      </class> <!-- com.SpiceJet.test.SignUpTest -->
      <class name="com.SpiceJet.test.PayementSpiceJet">
        <test-method is-config="true" signature="setUp(java.lang.String)[pri:0, instance:com.SpiceJet.test.PayementSpiceJet@402c4085]" started-at="2023-09-08T12:06:45 IST" name="setUp" finished-at="2023-09-08T12:06:45 IST" duration-ms="0" status="PASS">
          <params>
            <param index="0">
              <value>
                <![CDATA[Chrome]]>
              </value>
            </param>
          </params>
          <reporter-output>
          </reporter-output>
        </test-method> <!-- setUp -->
        <test-method signature="paymentTest()[pri:0, instance:com.SpiceJet.test.PayementSpiceJet@402c4085]" started-at="2023-09-08T12:06:45 IST" name="paymentTest" finished-at="2023-09-08T12:09:08 IST" duration-ms="142993" status="PASS">
          <reporter-output>
          </reporter-output>
        </test-method> <!-- paymentTest -->
        <test-method is-config="true" signature="closeBrowser()[pri:0, instance:com.SpiceJet.test.PayementSpiceJet@402c4085]" started-at="2023-09-08T12:09:08 IST" name="closeBrowser" finished-at="2023-09-08T12:09:08 IST" duration-ms="215" status="PASS">
          <reporter-output>
          </reporter-output>
        </test-method> <!-- closeBrowser -->
        <test-method is-config="true" signature="closeAllBrowsers()[pri:0, instance:com.SpiceJet.test.PayementSpiceJet@402c4085]" started-at="2023-09-08T12:09:08 IST" name="closeAllBrowsers" finished-at="2023-09-08T12:09:09 IST" duration-ms="444" status="PASS">
          <reporter-output>
          </reporter-output>
        </test-method> <!-- closeAllBrowsers -->
      </class> <!-- com.SpiceJet.test.PayementSpiceJet -->
      <class name="com.SpiceJet.test.FieldsAvailableTest">
        <test-method signature="fieldsAvailableCheking()[pri:0, instance:com.SpiceJet.test.FieldsAvailableTest@57a78e3]" started-at="2023-09-08T12:06:33 IST" name="fieldsAvailableCheking" finished-at="2023-09-08T12:06:45 IST" duration-ms="11741" status="PASS">
          <reporter-output>
          </reporter-output>
        </test-method> <!-- fieldsAvailableCheking -->
        <test-method is-config="true" signature="setUp(java.lang.String)[pri:0, instance:com.SpiceJet.test.FieldsAvailableTest@57a78e3]" started-at="2023-09-08T12:06:33 IST" name="setUp" finished-at="2023-09-08T12:06:33 IST" duration-ms="0" status="PASS">
          <params>
            <param index="0">
              <value>
                <![CDATA[Chrome]]>
              </value>
            </param>
          </params>
          <reporter-output>
          </reporter-output>
        </test-method> <!-- setUp -->
        <test-method is-config="true" signature="closeBrowser()[pri:0, instance:com.SpiceJet.test.FieldsAvailableTest@57a78e3]" started-at="2023-09-08T12:06:45 IST" name="closeBrowser" finished-at="2023-09-08T12:06:45 IST" duration-ms="201" status="PASS">
          <reporter-output>
          </reporter-output>
        </test-method> <!-- closeBrowser -->
        <test-method is-config="true" signature="closeAllBrowsers()[pri:0, instance:com.SpiceJet.test.FieldsAvailableTest@57a78e3]" started-at="2023-09-08T12:06:45 IST" name="closeAllBrowsers" finished-at="2023-09-08T12:06:45 IST" duration-ms="118" status="PASS">
          <reporter-output>
          </reporter-output>
        </test-method> <!-- closeAllBrowsers -->
      </class> <!-- com.SpiceJet.test.FieldsAvailableTest -->
      <class name="com.SpiceJet.test.LoginTest">
        <test-method is-config="true" signature="setUp(java.lang.String)[pri:0, instance:com.SpiceJet.test.LoginTest@48bb62]" started-at="2023-09-08T12:05:35 IST" name="setUp" finished-at="2023-09-08T12:05:35 IST" duration-ms="1" status="PASS">
          <params>
            <param index="0">
              <value>
                <![CDATA[Chrome]]>
              </value>
            </param>
          </params>
          <reporter-output>
          </reporter-output>
        </test-method> <!-- setUp -->
        <test-method signature="loginWithValidCredentials()[pri:0, instance:com.SpiceJet.test.LoginTest@48bb62]" started-at="2023-09-08T12:05:35 IST" name="loginWithValidCredentials" finished-at="2023-09-08T12:05:46 IST" duration-ms="10248" status="PASS">
          <reporter-output>
          </reporter-output>
        </test-method> <!-- loginWithValidCredentials -->
        <test-method is-config="true" signature="closeBrowser()[pri:0, instance:com.SpiceJet.test.LoginTest@48bb62]" started-at="2023-09-08T12:05:46 IST" name="closeBrowser" finished-at="2023-09-08T12:05:46 IST" duration-ms="189" status="PASS">
          <reporter-output>
          </reporter-output>
        </test-method> <!-- closeBrowser -->
        <test-method is-config="true" signature="closeAllBrowsers()[pri:0, instance:com.SpiceJet.test.LoginTest@48bb62]" started-at="2023-09-08T12:05:46 IST" name="closeAllBrowsers" finished-at="2023-09-08T12:05:46 IST" duration-ms="123" status="PASS">
          <reporter-output>
          </reporter-output>
        </test-method> <!-- closeAllBrowsers -->
      </class> <!-- com.SpiceJet.test.LoginTest -->
      <class name="com.SpiceJet.test.RoundTripTest">
        <test-method is-config="true" signature="setUp(java.lang.String)[pri:0, instance:com.SpiceJet.test.RoundTripTest@4681c175]" started-at="2023-09-08T12:06:13 IST" name="setUp" finished-at="2023-09-08T12:06:13 IST" duration-ms="2" status="PASS">
          <params>
            <param index="0">
              <value>
                <![CDATA[Chrome]]>
              </value>
            </param>
          </params>
          <reporter-output>
          </reporter-output>
        </test-method> <!-- setUp -->
        <test-method signature="roundTripVali()[pri:0, instance:com.SpiceJet.test.RoundTripTest@4681c175]" started-at="2023-09-08T12:06:13 IST" name="roundTripVali" finished-at="2023-09-08T12:06:33 IST" duration-ms="19595" status="PASS">
          <reporter-output>
          </reporter-output>
        </test-method> <!-- roundTripVali -->
        <test-method is-config="true" signature="closeBrowser()[pri:0, instance:com.SpiceJet.test.RoundTripTest@4681c175]" started-at="2023-09-08T12:06:33 IST" name="closeBrowser" finished-at="2023-09-08T12:06:33 IST" duration-ms="220" status="PASS">
          <reporter-output>
          </reporter-output>
        </test-method> <!-- closeBrowser -->
        <test-method is-config="true" signature="closeAllBrowsers()[pri:0, instance:com.SpiceJet.test.RoundTripTest@4681c175]" started-at="2023-09-08T12:06:33 IST" name="closeAllBrowsers" finished-at="2023-09-08T12:06:33 IST" duration-ms="118" status="PASS">
          <reporter-output>
          </reporter-output>
        </test-method> <!-- closeAllBrowsers -->
      </class> <!-- com.SpiceJet.test.RoundTripTest -->
      <class name="com.SpiceJet.test.OneWayTest">
        <test-method is-config="true" signature="setUp(java.lang.String)[pri:0, instance:com.SpiceJet.test.OneWayTest@353352b6]" started-at="2023-09-08T12:05:46 IST" name="setUp" finished-at="2023-09-08T12:05:46 IST" duration-ms="0" status="PASS">
          <params>
            <param index="0">
              <value>
                <![CDATA[Chrome]]>
              </value>
            </param>
          </params>
          <reporter-output>
          </reporter-output>
        </test-method> <!-- setUp -->
        <test-method signature="oneWayTrip()[pri:0, instance:com.SpiceJet.test.OneWayTest@353352b6]" started-at="2023-09-08T12:05:46 IST" name="oneWayTrip" finished-at="2023-09-08T12:06:13 IST" duration-ms="26833" status="PASS">
          <reporter-output>
          </reporter-output>
        </test-method> <!-- oneWayTrip -->
        <test-method is-config="true" signature="closeBrowser()[pri:0, instance:com.SpiceJet.test.OneWayTest@353352b6]" started-at="2023-09-08T12:06:13 IST" name="closeBrowser" finished-at="2023-09-08T12:06:13 IST" duration-ms="196" status="PASS">
          <reporter-output>
          </reporter-output>
        </test-method> <!-- closeBrowser -->
        <test-method is-config="true" signature="closeAllBrowsers()[pri:0, instance:com.SpiceJet.test.OneWayTest@353352b6]" started-at="2023-09-08T12:06:13 IST" name="closeAllBrowsers" finished-at="2023-09-08T12:06:13 IST" duration-ms="117" status="PASS">
          <reporter-output>
          </reporter-output>
        </test-method> <!-- closeAllBrowsers -->
      </class> <!-- com.SpiceJet.test.OneWayTest -->
    </test> <!-- Positive Test Cases -->
    <test started-at="2023-09-08T12:09:09 IST" name="NegativeTc" finished-at="2023-09-08T12:10:39 IST" duration-ms="90524">
      <class name="com.SpiceJet.test.NegativeTc_Login">
        <test-method is-config="true" signature="setUp(java.lang.String)[pri:0, instance:com.SpiceJet.test.NegativeTc_Login@70cf32e3]" started-at="2023-09-08T12:10:16 IST" name="setUp" finished-at="2023-09-08T12:10:16 IST" duration-ms="1" status="PASS">
          <params>
            <param index="0">
              <value>
                <![CDATA[Chrome]]>
              </value>
            </param>
          </params>
          <reporter-output>
          </reporter-output>
        </test-method> <!-- setUp -->
        <test-method signature="loginWithInValidCredentials()[pri:0, instance:com.SpiceJet.test.NegativeTc_Login@70cf32e3]" started-at="2023-09-08T12:10:16 IST" name="loginWithInValidCredentials" finished-at="2023-09-08T12:10:39 IST" duration-ms="22557" status="PASS">
          <reporter-output>
          </reporter-output>
        </test-method> <!-- loginWithInValidCredentials -->
        <test-method is-config="true" signature="closeBrowser()[pri:0, instance:com.SpiceJet.test.NegativeTc_Login@70cf32e3]" started-at="2023-09-08T12:10:39 IST" name="closeBrowser" finished-at="2023-09-08T12:10:39 IST" duration-ms="138" status="PASS">
          <reporter-output>
          </reporter-output>
        </test-method> <!-- closeBrowser -->
        <test-method is-config="true" signature="closeAllBrowsers()[pri:0, instance:com.SpiceJet.test.NegativeTc_Login@70cf32e3]" started-at="2023-09-08T12:10:39 IST" name="closeAllBrowsers" finished-at="2023-09-08T12:10:39 IST" duration-ms="123" status="PASS">
          <reporter-output>
          </reporter-output>
        </test-method> <!-- closeAllBrowsers -->
      </class> <!-- com.SpiceJet.test.NegativeTc_Login -->
      <class name="com.SpiceJet.test.NeagtiveTc_SignUp">
        <test-method is-config="true" signature="startReport()[pri:0, instance:com.SpiceJet.test.NeagtiveTc_SignUp@66982506]" started-at="2023-09-08T12:04:28 IST" name="startReport" finished-at="2023-09-08T12:04:28 IST" duration-ms="287" status="PASS">
          <reporter-output>
          </reporter-output>
        </test-method> <!-- startReport -->
        <test-method signature="signUpWithInValidCredentials()[pri:0, instance:com.SpiceJet.test.NeagtiveTc_SignUp@66982506]" started-at="2023-09-08T12:09:09 IST" name="signUpWithInValidCredentials" finished-at="2023-09-08T12:10:16 IST" duration-ms="67455" status="PASS">
          <reporter-output>
          </reporter-output>
        </test-method> <!-- signUpWithInValidCredentials -->
        <test-method is-config="true" signature="setUp(java.lang.String)[pri:0, instance:com.SpiceJet.test.NeagtiveTc_SignUp@66982506]" started-at="2023-09-08T12:09:09 IST" name="setUp" finished-at="2023-09-08T12:09:09 IST" duration-ms="0" status="PASS">
          <params>
            <param index="0">
              <value>
                <![CDATA[Chrome]]>
              </value>
            </param>
          </params>
          <reporter-output>
          </reporter-output>
        </test-method> <!-- setUp -->
        <test-method is-config="true" signature="closeBrowser()[pri:0, instance:com.SpiceJet.test.NeagtiveTc_SignUp@66982506]" started-at="2023-09-08T12:10:16 IST" name="closeBrowser" finished-at="2023-09-08T12:10:16 IST" duration-ms="246" status="PASS">
          <reporter-output>
          </reporter-output>
        </test-method> <!-- closeBrowser -->
        <test-method is-config="true" signature="closeAllBrowsers()[pri:0, instance:com.SpiceJet.test.NeagtiveTc_SignUp@66982506]" started-at="2023-09-08T12:10:16 IST" name="closeAllBrowsers" finished-at="2023-09-08T12:10:16 IST" duration-ms="0" status="PASS">
          <reporter-output>
          </reporter-output>
        </test-method> <!-- closeAllBrowsers -->
        <test-method is-config="true" signature="endReport()[pri:0, instance:com.SpiceJet.test.NeagtiveTc_SignUp@66982506]" started-at="2023-09-08T12:10:39 IST" name="endReport" finished-at="2023-09-08T12:10:40 IST" duration-ms="331" status="PASS">
          <reporter-output>
          </reporter-output>
        </test-method> <!-- endReport -->
      </class> <!-- com.SpiceJet.test.NeagtiveTc_SignUp -->
    </test> <!-- NegativeTc -->
  </suite> <!-- Suite -->
</testng-results>
