<?xml version="1.0" encoding="UTF-8"?>
<testng-results ignored="10" total="17" passed="7" failed="0" skipped="0">
  <reporter-output>
  </reporter-output>
  <suite started-at="2023-09-07T11:10:45 IST" name="Suite" finished-at="2023-09-07T11:16:06 IST" duration-ms="321135">
    <groups>
    </groups>
    <test started-at="2023-09-07T11:10:45 IST" name="Positive Test Cases" finished-at="2023-09-07T11:13:09 IST" duration-ms="144444">
      <class name="com.SpiceJet.test.SignUpTest">
        <test-method is-config="true" signature="setUp(java.lang.String)[pri:0, instance:com.SpiceJet.test.SignUpTest@cc43f62]" started-at="2023-09-07T11:10:45 IST" name="setUp" finished-at="2023-09-07T11:10:45 IST" duration-ms="4" status="PASS">
          <params>
            <param index="0">
              <value>
                <![CDATA[Chrome]]>
              </value>
            </param>
          </params>
          <reporter-output>
          </reporter-output>
        </test-method> <!-- setUp -->
        <test-method signature="signUpWithValidCredentials()[pri:0, instance:com.SpiceJet.test.SignUpTest@cc43f62]" started-at="2023-09-07T11:10:45 IST" name="signUpWithValidCredentials" finished-at="2023-09-07T11:11:54 IST" duration-ms="68705" status="PASS">
          <reporter-output>
          </reporter-output>
        </test-method> <!-- signUpWithValidCredentials -->
        <test-method is-config="true" signature="closeBrowser()[pri:0, instance:com.SpiceJet.test.SignUpTest@cc43f62]" started-at="2023-09-07T11:11:54 IST" name="closeBrowser" finished-at="2023-09-07T11:11:54 IST" duration-ms="383" status="PASS">
          <reporter-output>
          </reporter-output>
        </test-method> <!-- closeBrowser -->
        <test-method is-config="true" signature="closeAllBrowsers()[pri:0, instance:com.SpiceJet.test.SignUpTest@cc43f62]" started-at="2023-09-07T11:11:54 IST" name="closeAllBrowsers" finished-at="2023-09-07T11:11:54 IST" duration-ms="0" status="PASS">
          <reporter-output>
          </reporter-output>
        </test-method> <!-- closeAllBrowsers -->
      </class> <!-- com.SpiceJet.test.SignUpTest -->
      <class name="com.SpiceJet.test.FieldsAvailableTest">
        <test-method is-config="true" signature="setUp(java.lang.String)[pri:0, instance:com.SpiceJet.test.FieldsAvailableTest@353352b6]" started-at="2023-09-07T11:13:01 IST" name="setUp" finished-at="2023-09-07T11:13:01 IST" duration-ms="2" status="PASS">
          <params>
            <param index="0">
              <value>
                <![CDATA[Chrome]]>
              </value>
            </param>
          </params>
          <reporter-output>
          </reporter-output>
        </test-method> <!-- setUp -->
        <test-method signature="fieldsAvailableCheking()[pri:0, instance:com.SpiceJet.test.FieldsAvailableTest@353352b6]" started-at="2023-09-07T11:13:01 IST" name="fieldsAvailableCheking" finished-at="2023-09-07T11:13:09 IST" duration-ms="7986" status="PASS">
          <reporter-output>
          </reporter-output>
        </test-method> <!-- fieldsAvailableCheking -->
        <test-method is-config="true" signature="closeBrowser()[pri:0, instance:com.SpiceJet.test.FieldsAvailableTest@353352b6]" started-at="2023-09-07T11:13:09 IST" name="closeBrowser" finished-at="2023-09-07T11:13:09 IST" duration-ms="254" status="PASS">
          <reporter-output>
          </reporter-output>
        </test-method> <!-- closeBrowser -->
        <test-method is-config="true" signature="closeAllBrowsers()[pri:0, instance:com.SpiceJet.test.FieldsAvailableTest@353352b6]" started-at="2023-09-07T11:13:09 IST" name="closeAllBrowsers" finished-at="2023-09-07T11:13:09 IST" duration-ms="124" status="PASS">
          <reporter-output>
          </reporter-output>
        </test-method> <!-- closeAllBrowsers -->
      </class> <!-- com.SpiceJet.test.FieldsAvailableTest -->
      <class name="com.SpiceJet.test.LoginTest">
        <test-method is-config="true" signature="setUp(java.lang.String)[pri:0, instance:com.SpiceJet.test.LoginTest@5524cca1]" started-at="2023-09-07T11:11:54 IST" name="setUp" finished-at="2023-09-07T11:11:54 IST" duration-ms="1" status="PASS">
          <params>
            <param index="0">
              <value>
                <![CDATA[Chrome]]>
              </value>
            </param>
          </params>
          <reporter-output>
          </reporter-output>
        </test-method> <!-- setUp -->
        <test-method signature="loginWithValidCredentials()[pri:0, instance:com.SpiceJet.test.LoginTest@5524cca1]" started-at="2023-09-07T11:11:54 IST" name="loginWithValidCredentials" finished-at="2023-09-07T11:12:06 IST" duration-ms="11765" status="PASS">
          <reporter-output>
          </reporter-output>
        </test-method> <!-- loginWithValidCredentials -->
        <test-method is-config="true" signature="closeBrowser()[pri:0, instance:com.SpiceJet.test.LoginTest@5524cca1]" started-at="2023-09-07T11:12:06 IST" name="closeBrowser" finished-at="2023-09-07T11:12:06 IST" duration-ms="312" status="PASS">
          <reporter-output>
          </reporter-output>
        </test-method> <!-- closeBrowser -->
        <test-method is-config="true" signature="closeAllBrowsers()[pri:0, instance:com.SpiceJet.test.LoginTest@5524cca1]" started-at="2023-09-07T11:12:06 IST" name="closeAllBrowsers" finished-at="2023-09-07T11:12:06 IST" duration-ms="121" status="PASS">
          <reporter-output>
          </reporter-output>
        </test-method> <!-- closeAllBrowsers -->
      </class> <!-- com.SpiceJet.test.LoginTest -->
      <class name="com.SpiceJet.test.RoundTripTest">
        <test-method is-config="true" signature="setUp(java.lang.String)[pri:0, instance:com.SpiceJet.test.RoundTripTest@48bb62]" started-at="2023-09-07T11:12:37 IST" name="setUp" finished-at="2023-09-07T11:12:37 IST" duration-ms="2" status="PASS">
          <params>
            <param index="0">
              <value>
                <![CDATA[Chrome]]>
              </value>
            </param>
          </params>
          <reporter-output>
          </reporter-output>
        </test-method> <!-- setUp -->
        <test-method signature="roundTripVali()[pri:0, instance:com.SpiceJet.test.RoundTripTest@48bb62]" started-at="2023-09-07T11:12:37 IST" name="roundTripVali" finished-at="2023-09-07T11:13:01 IST" duration-ms="23531" status="PASS">
          <reporter-output>
          </reporter-output>
        </test-method> <!-- roundTripVali -->
        <test-method is-config="true" signature="closeBrowser()[pri:0, instance:com.SpiceJet.test.RoundTripTest@48bb62]" started-at="2023-09-07T11:13:01 IST" name="closeBrowser" finished-at="2023-09-07T11:13:01 IST" duration-ms="357" status="PASS">
          <reporter-output>
          </reporter-output>
        </test-method> <!-- closeBrowser -->
        <test-method is-config="true" signature="closeAllBrowsers()[pri:0, instance:com.SpiceJet.test.RoundTripTest@48bb62]" started-at="2023-09-07T11:13:01 IST" name="closeAllBrowsers" finished-at="2023-09-07T11:13:01 IST" duration-ms="126" status="PASS">
          <reporter-output>
          </reporter-output>
        </test-method> <!-- closeAllBrowsers -->
      </class> <!-- com.SpiceJet.test.RoundTripTest -->
      <class name="com.SpiceJet.test.OneWayTest">
        <test-method is-config="true" signature="setUp(java.lang.String)[pri:0, instance:com.SpiceJet.test.OneWayTest@5032714f]" started-at="2023-09-07T11:12:06 IST" name="setUp" finished-at="2023-09-07T11:12:06 IST" duration-ms="1" status="PASS">
          <params>
            <param index="0">
              <value>
                <![CDATA[Chrome]]>
              </value>
            </param>
          </params>
          <reporter-output>
          </reporter-output>
        </test-method> <!-- setUp -->
        <test-method signature="oneWayTrip()[pri:0, instance:com.SpiceJet.test.OneWayTest@5032714f]" started-at="2023-09-07T11:12:06 IST" name="oneWayTrip" finished-at="2023-09-07T11:12:37 IST" duration-ms="30293" status="PASS">
          <reporter-output>
          </reporter-output>
        </test-method> <!-- oneWayTrip -->
        <test-method is-config="true" signature="closeBrowser()[pri:0, instance:com.SpiceJet.test.OneWayTest@5032714f]" started-at="2023-09-07T11:12:37 IST" name="closeBrowser" finished-at="2023-09-07T11:12:37 IST" duration-ms="315" status="PASS">
          <reporter-output>
          </reporter-output>
        </test-method> <!-- closeBrowser -->
        <test-method is-config="true" signature="closeAllBrowsers()[pri:0, instance:com.SpiceJet.test.OneWayTest@5032714f]" started-at="2023-09-07T11:12:37 IST" name="closeAllBrowsers" finished-at="2023-09-07T11:12:37 IST" duration-ms="116" status="PASS">
          <reporter-output>
          </reporter-output>
        </test-method> <!-- closeAllBrowsers -->
      </class> <!-- com.SpiceJet.test.OneWayTest -->
    </test> <!-- Positive Test Cases -->
    <test started-at="2023-09-07T11:13:10 IST" name="NegativeTc" finished-at="2023-09-07T11:16:06 IST" duration-ms="176658">
      <class name="com.SpiceJet.test.NegativeTc_Login">
        <test-method signature="loginWithInValidCredentials()[pri:0, instance:com.SpiceJet.test.NegativeTc_Login@4c163e3]" started-at="2023-09-07T11:14:14 IST" name="loginWithInValidCredentials" finished-at="2023-09-07T11:16:06 IST" duration-ms="111841" status="PASS">
          <reporter-output>
          </reporter-output>
        </test-method> <!-- loginWithInValidCredentials -->
        <test-method is-config="true" signature="setUp(java.lang.String)[pri:0, instance:com.SpiceJet.test.NegativeTc_Login@4c163e3]" started-at="2023-09-07T11:14:14 IST" name="setUp" finished-at="2023-09-07T11:14:14 IST" duration-ms="0" status="PASS">
          <params>
            <param index="0">
              <value>
                <![CDATA[Chrome]]>
              </value>
            </param>
          </params>
          <reporter-output>
          </reporter-output>
        </test-method> <!-- setUp -->
        <test-method is-config="true" signature="closeBrowser()[pri:0, instance:com.SpiceJet.test.NegativeTc_Login@4c163e3]" started-at="2023-09-07T11:16:06 IST" name="closeBrowser" finished-at="2023-09-07T11:16:06 IST" duration-ms="3" status="PASS">
          <reporter-output>
          </reporter-output>
        </test-method> <!-- closeBrowser -->
        <test-method is-config="true" signature="closeAllBrowsers()[pri:0, instance:com.SpiceJet.test.NegativeTc_Login@4c163e3]" started-at="2023-09-07T11:16:06 IST" name="closeAllBrowsers" finished-at="2023-09-07T11:16:06 IST" duration-ms="1" status="PASS">
          <reporter-output>
          </reporter-output>
        </test-method> <!-- closeAllBrowsers -->
      </class> <!-- com.SpiceJet.test.NegativeTc_Login -->
      <class name="com.SpiceJet.test.NeagtiveTc_SignUp">
        <test-method is-config="true" signature="startReport()[pri:0, instance:com.SpiceJet.test.NeagtiveTc_SignUp@52f27fbd]" started-at="2023-09-07T11:10:45 IST" name="startReport" finished-at="2023-09-07T11:10:45 IST" duration-ms="309" status="PASS">
          <reporter-output>
          </reporter-output>
        </test-method> <!-- startReport -->
        <test-method is-config="true" signature="setUp(java.lang.String)[pri:0, instance:com.SpiceJet.test.NeagtiveTc_SignUp@52f27fbd]" started-at="2023-09-07T11:13:10 IST" name="setUp" finished-at="2023-09-07T11:13:10 IST" duration-ms="1" status="PASS">
          <params>
            <param index="0">
              <value>
                <![CDATA[Chrome]]>
              </value>
            </param>
          </params>
          <reporter-output>
          </reporter-output>
        </test-method> <!-- setUp -->
        <test-method signature="signUpWithInValidCredentials()[pri:0, instance:com.SpiceJet.test.NeagtiveTc_SignUp@52f27fbd]" started-at="2023-09-07T11:13:10 IST" name="signUpWithInValidCredentials" finished-at="2023-09-07T11:14:14 IST" duration-ms="64435" status="PASS">
          <reporter-output>
          </reporter-output>
        </test-method> <!-- signUpWithInValidCredentials -->
        <test-method is-config="true" signature="closeBrowser()[pri:0, instance:com.SpiceJet.test.NeagtiveTc_SignUp@52f27fbd]" started-at="2023-09-07T11:14:14 IST" name="closeBrowser" finished-at="2023-09-07T11:14:14 IST" duration-ms="372" status="PASS">
          <reporter-output>
          </reporter-output>
        </test-method> <!-- closeBrowser -->
        <test-method is-config="true" signature="closeAllBrowsers()[pri:0, instance:com.SpiceJet.test.NeagtiveTc_SignUp@52f27fbd]" started-at="2023-09-07T11:14:14 IST" name="closeAllBrowsers" finished-at="2023-09-07T11:14:14 IST" duration-ms="2" status="PASS">
          <reporter-output>
          </reporter-output>
        </test-method> <!-- closeAllBrowsers -->
        <test-method is-config="true" signature="endReport()[pri:0, instance:com.SpiceJet.test.NeagtiveTc_SignUp@52f27fbd]" started-at="2023-09-07T11:16:06 IST" name="endReport" finished-at="2023-09-07T11:16:07 IST" duration-ms="389" status="PASS">
          <reporter-output>
          </reporter-output>
        </test-method> <!-- endReport -->
      </class> <!-- com.SpiceJet.test.NeagtiveTc_SignUp -->
    </test> <!-- NegativeTc -->
  </suite> <!-- Suite -->
</testng-results>
